19:06:56 **** Incremental Build of configuration Default for project lab1_ans ****
make all 
+ cc kern/init/init.c
+ cc kern/libs/readline.c
+ cc kern/libs/stdio.c
+ cc kern/debug/kdebug.c
+ cc kern/debug/kmonitor.c
+ cc kern/debug/panic.c
+ cc kern/driver/clock.c
+ cc kern/driver/console.c
+ cc kern/driver/intr.c
+ cc kern/driver/picirq.c
+ cc kern/trap/trap.c
+ cc kern/trap/trapentry.S
+ cc kern/trap/vectors.S
+ cc kern/mm/pmm.c
+ cc libs/printfmt.c
+ cc libs/string.c
+ ld bin/kernel
+ cc boot/bootasm.S
+ cc boot/bootmain.c
+ cc tools/sign.c
+ ld bin/bootblock
'obj/bootblock.out' size: 488 bytes
build 512 bytes boot sector: 'bin/bootblock' success!
10000+0 records in
10000+0 records out
5120000 bytes (5.1 MB) copied, 0.0663065 s, 77.2 MB/s
1+0 records in
1+0 records out
512 bytes (512 B) copied, 0.00360763 s, 142 kB/s
146+1 records in
146+1 records out
74923 bytes (75 kB) copied, 0.00288278 s, 26.0 MB/s

19:06:58 Build Finished (took 2s.367ms)

